=== コード診断フェーズ開始 ===
実行時間: Mon Jul 14 00:21:54 UTC 2025
index.html分析中...
--- HTML構造分析 ---
--- CSS/JS参照分析 ---
--- 問題点検出 ---
--- JavaScript分析 ---
分析中: optimize.js
分析中: script.js
診断フェーズ完了: Mon Jul 14 00:21:54 UTC 2025
=== 最適化対象選定フェーズ ===
対象選定完了: Mon Jul 14 00:21:54 UTC 2025
=== 最適化フェーズ開始 ===
最適化中: optimize.js
✅ optimize.js 最適化完了
最適化中: script.js
✅ script.js 最適化完了
最適化中: styles.css
✅ styles.css 最適化完了
最適化処理時間: 0秒
=== 再構築と統合フェーズ ===
✅ ファイル統合完了
=== 差分評価フェーズ ===
⚠️ ファイルサイズが増加しました
✅ HTMLドキュメント構造: 正常
✅ BODYタグ: 正常
差分評価完了: Mon Jul 14 00:21:54 UTC 2025
最適化サイクル完了: 2025-07-14T00:21:54+00:00
